<?xml version="1.0" encoding="UTF-8"?>
<coverage generated="1568387157467" clover="3.2.0">
  <project timestamp="1568387157467" name="All files">
    <metrics statements="2" coveredstatements="1" conditionals="0" coveredconditionals="0" methods="0" coveredmethods="0" elements="2" coveredelements="1" complexity="0" loc="2" ncloc="2" packages="2" files="2" classes="2">
      <package name="src">
        <metrics statements="1" coveredstatements="0" conditionals="0" coveredconditionals="0" methods="0" coveredmethods="0"/>
        <file name="App.vue" path="/home/oussama/Projects/test-vue/src/App.vue">
          <metrics statements="1" coveredstatements="0" conditionals="0" coveredconditionals="0" methods="0" coveredmethods="0"/>
          <line num="9" count="0" type="stmt"/>
        </file>
      </package>
      <package name="src.components">
        <metrics statements="1" coveredstatements="1" conditionals="0" coveredconditionals="0" methods="0" coveredmethods="0"/>
        <file name="HelloWorld.vue" path="/home/oussama/Projects/test-vue/src/components/HelloWorld.vue">
          <metrics statements="1" coveredstatements="1" conditionals="0" coveredconditionals="0" methods="0" coveredmethods="0"/>
          <line num="41" count="1" type="stmt"/>
        </file>
      </package>
    </metrics>
  </project>
</coverage>
