{"/home/oussama/Projects/test-vue/src/App.vue": {"path":"/home/oussama/Projects/test-vue/src/App.vue","statementMap":{"0":{"start":{"line":9,"column":0},"end":{"line":null,"column":-1}}},"fnMap":{},"branchMap":{},"s":{"0":0},"f":{},"b":{}}
,"/home/oussama/Projects/test-vue/src/components/HelloWorld.vue": {"path":"/home/oussama/Projects/test-vue/src/components/HelloWorld.vue","statementMap":{"0":{"start":{"line":41,"column":0},"end":{"line":null,"column":-1}}},"fnMap":{},"branchMap":{},"s":{"0":1},"f":{},"b":{}}
}
